<?xml version="1.0" encoding="UTF-8"?>
<!-- Generated by org.testng.reporters.JUnitXMLReporter -->
<testsuite hostname="VJ-PC" name="Registration" tests="5" failures="2" timestamp="3 Mar 2016 06:56:13 GMT" time="115.7" errors="0">
  <testcase name="registration" time="42.277" classname="com.gktech.newcars.Registration">
    <failure type="org.openqa.selenium.WebDriverException" message="Element is not clickable at point (1300.300048828125, 23). Other element would receive the click: &amp;lt;div id=&amp;quot;globalLocBlackOut&amp;quot; class=&amp;quot;globalLocBlackOut&amp;quot;&amp;gt;&amp;lt;/div&amp;gt;
Command duration or timeout: 98 milliseconds
Build info: version: &amp;apos;2.52.0&amp;apos;, revision: &amp;apos;4c2593c&amp;apos;, time: &amp;apos;2016-02-11 19:06:42&amp;apos;
System info: host: &amp;apos;VJ-PC&amp;apos;, ip: &amp;apos;192.168.0.5&amp;apos;, os.name: &amp;apos;Windows 7&amp;apos;, os.arch: &amp;apos;x86&amp;apos;, os.version: &amp;apos;6.1&amp;apos;, java.version: &amp;apos;1.8.0_65&amp;apos;
Driver info: org.openqa.selenium.firefox.FirefoxDriver
Capabilities [{applicationCacheEnabled=true, rotatable=false, handlesAlerts=true, databaseEnabled=true, version=44.0.2, platform=WINDOWS, nativeEvents=false, acceptSslCerts=true, webStorageEnabled=true, locationContextEnabled=true, browserName=firefox, takesScreenshot=true, javascriptEnabled=true, cssSelectorsEnabled=true}]
Session ID: ba1cd29d-de8c-4561-b914-75c95c594438">
      <![CDATA[org.openqa.selenium.WebDriverException: Element is not clickable at point (1300.300048828125, 23). Other element would receive the click: <div id="globalLocBlackOut" class="globalLocBlackOut"></div>
Command duration or timeout: 98 milliseconds
Build info: version: '2.52.0', revision: '4c2593c', time: '2016-02-11 19:06:42'
System info: host: 'VJ-PC', ip: '192.168.0.5', os.name: 'Windows 7', os.arch: 'x86', os.version: '6.1', java.version: '1.8.0_65'
Driver info: org.openqa.selenium.firefox.FirefoxDriver
Capabilities [{applicationCacheEnabled=true, rotatable=false, handlesAlerts=true, databaseEnabled=true, version=44.0.2, platform=WINDOWS, nativeEvents=false, acceptSslCerts=true, webStorageEnabled=true, locationContextEnabled=true, browserName=firefox, takesScreenshot=true, javascriptEnabled=true, cssSelectorsEnabled=true}]
Session ID: ba1cd29d-de8c-4561-b914-75c95c594438
	at org.openqa.selenium.remote.ErrorHandler.createThrowable(ErrorHandler.java:206)
	at org.openqa.selenium.remote.ErrorHandler.throwIfResponseFailed(ErrorHandler.java:158)
	at org.openqa.selenium.remote.RemoteWebDriver.execute(RemoteWebDriver.java:678)
	at org.openqa.selenium.remote.RemoteWebElement.execute(RemoteWebElement.java:327)
	at org.openqa.selenium.remote.RemoteWebElement.click(RemoteWebElement.java:85)
	at com.gktech.newcars.Registration.registration(Registration.java:31)
... Removed 28 stack frames]]>
    </failure>
  </testcase> <!-- registration -->
  <testcase name="registration" time="45.968" classname="com.gktech.newcars.Registration"/>
  <testcase name="registration" time="0.001" classname="com.gktech.newcars.Registration">
    <skipped/>
  </testcase> <!-- registration -->
  <testcase name="registration" time="27.448" classname="com.gktech.newcars.Registration">
    <failure type="org.openqa.selenium.WebDriverException" message="Element is not clickable at point (1300.300048828125, 23). Other element would receive the click: &amp;lt;div id=&amp;quot;globalLocBlackOut&amp;quot; class=&amp;quot;globalLocBlackOut&amp;quot;&amp;gt;&amp;lt;/div&amp;gt;
Command duration or timeout: 73 milliseconds
Build info: version: &amp;apos;2.52.0&amp;apos;, revision: &amp;apos;4c2593c&amp;apos;, time: &amp;apos;2016-02-11 19:06:42&amp;apos;
System info: host: &amp;apos;VJ-PC&amp;apos;, ip: &amp;apos;192.168.0.5&amp;apos;, os.name: &amp;apos;Windows 7&amp;apos;, os.arch: &amp;apos;x86&amp;apos;, os.version: &amp;apos;6.1&amp;apos;, java.version: &amp;apos;1.8.0_65&amp;apos;
Driver info: org.openqa.selenium.firefox.FirefoxDriver
Capabilities [{applicationCacheEnabled=true, rotatable=false, handlesAlerts=true, databaseEnabled=true, version=44.0.2, platform=WINDOWS, nativeEvents=false, acceptSslCerts=true, webStorageEnabled=true, locationContextEnabled=true, browserName=firefox, takesScreenshot=true, javascriptEnabled=true, cssSelectorsEnabled=true}]
Session ID: e2346a7b-f65a-4b8b-9323-b98463b3017f">
      <![CDATA[org.openqa.selenium.WebDriverException: Element is not clickable at point (1300.300048828125, 23). Other element would receive the click: <div id="globalLocBlackOut" class="globalLocBlackOut"></div>
Command duration or timeout: 73 milliseconds
Build info: version: '2.52.0', revision: '4c2593c', time: '2016-02-11 19:06:42'
System info: host: 'VJ-PC', ip: '192.168.0.5', os.name: 'Windows 7', os.arch: 'x86', os.version: '6.1', java.version: '1.8.0_65'
Driver info: org.openqa.selenium.firefox.FirefoxDriver
Capabilities [{applicationCacheEnabled=true, rotatable=false, handlesAlerts=true, databaseEnabled=true, version=44.0.2, platform=WINDOWS, nativeEvents=false, acceptSslCerts=true, webStorageEnabled=true, locationContextEnabled=true, browserName=firefox, takesScreenshot=true, javascriptEnabled=true, cssSelectorsEnabled=true}]
Session ID: e2346a7b-f65a-4b8b-9323-b98463b3017f
	at org.openqa.selenium.remote.ErrorHandler.createThrowable(ErrorHandler.java:206)
	at org.openqa.selenium.remote.ErrorHandler.throwIfResponseFailed(ErrorHandler.java:158)
	at org.openqa.selenium.remote.RemoteWebDriver.execute(RemoteWebDriver.java:678)
	at org.openqa.selenium.remote.RemoteWebElement.execute(RemoteWebElement.java:327)
	at org.openqa.selenium.remote.RemoteWebElement.click(RemoteWebElement.java:85)
	at com.gktech.newcars.Registration.registration(Registration.java:31)
... Removed 28 stack frames]]>
    </failure>
  </testcase> <!-- registration -->
  <testcase name="registration" time="0.0" classname="com.gktech.newcars.Registration">
    <skipped/>
  </testcase> <!-- registration -->
</testsuite> <!-- Registration -->
