<?xml version="1.0" encoding="UTF-8"?>
<!-- Generated by org.testng.reporters.JUnitXMLReporter -->
<testsuite hostname="VJ-PC" name="SearchCar" tests="2" failures="0" timestamp="3 Mar 2016 06:56:13 GMT" time="0.132" errors="0">
  <testcase name="@BeforeSuite checkSuiteSkip" time="0.0" classname="com.gktech.sellcars.SearchCar">
    <skipped/>
  </testcase> <!-- @BeforeSuite checkSuiteSkip -->
  <testcase name="@BeforeTest checkTestCaseSkip" time="0.0" classname="com.gktech.sellcars.SearchCar">
    <skipped/>
  </testcase> <!-- @BeforeTest checkTestCaseSkip -->
  <testcase name="searchCar" time="0.0" classname="com.gktech.sellcars.SearchCar">
    <skipped/>
  </testcase> <!-- searchCar -->
  <testcase name="searchCar" time="0.0" classname="com.gktech.sellcars.SearchCar">
    <skipped/>
  </testcase> <!-- searchCar -->
</testsuite> <!-- SearchCar -->
