<?xml version="1.0" encoding="UTF-8"?>
<!-- Generated by org.testng.reporters.JUnitXMLReporter -->
<testsuite hostname="VJ-PC" name="SearchUsedCars" tests="1" failures="1" timestamp="3 Mar 2016 06:56:14 GMT" time="0.003" errors="0">
  <testcase name="searchUsedCars" time="0.002" classname="com.gktech.usedcars.SearchUsedCars">
    <failure type="org.testng.TestNGException" message="
The data provider is trying to pass 2 parameters but the method com.gktech.usedcars.SearchUsedCars#searchUsedCars takes 5 and TestNG is unable in inject a suitable object">
      <![CDATA[org.testng.TestNGException: 
The data provider is trying to pass 2 parameters but the method com.gktech.usedcars.SearchUsedCars#searchUsedCars takes 5 and TestNG is unable in inject a suitable object
Caused by: java.lang.ArrayIndexOutOfBoundsException: 2
	... 17 more
... Removed 19 stack frames]]>
    </failure>
  </testcase> <!-- searchUsedCars -->
</testsuite> <!-- SearchUsedCars -->
