<?xml version="1.0" encoding="UTF-8"?>
<!-- Generated by org.testng.reporters.JUnitXMLReporter -->
<testsuite hostname="VJ-PC" name="UsedCarValuation" tests="2" failures="0" timestamp="3 Mar 2016 06:56:14 GMT" time="0.003" errors="0">
  <testcase name="@BeforeTest checkTestCaseSkip" time="0.0" classname="com.gktech.usedcars.UsedCarValuation">
    <skipped/>
  </testcase> <!-- @BeforeTest checkTestCaseSkip -->
  <testcase name="usedCarValuation" time="0.0" classname="com.gktech.usedcars.UsedCarValuation">
    <skipped/>
  </testcase> <!-- usedCarValuation -->
  <testcase name="usedCarValuation" time="0.0" classname="com.gktech.usedcars.UsedCarValuation">
    <skipped/>
  </testcase> <!-- usedCarValuation -->
</testsuite> <!-- UsedCarValuation -->
